[INFO] Scanning for projects...
[INFO]                                                                         
[INFO] ------------------------------------------------------------------------
[INFO] Building javassist-maven-plugin-test-project1 1.0.2-SNAPSHOT
[INFO] ------------------------------------------------------------------------
[INFO] Downloading: file:///Users/stephanenicolas/.m2/repository/org/apache/maven/plugins/maven-resources-plugin/2.6/maven-resources-plugin-2.6.pom
[INFO] Downloaded: file:///Users/stephanenicolas/.m2/repository/org/apache/maven/plugins/maven-resources-plugin/2.6/maven-resources-plugin-2.6.pom (8 KB at 880.5 KB/sec)
[INFO] Downloading: file:///Users/stephanenicolas/.m2/repository/org/apache/maven/plugins/maven-plugins/23/maven-plugins-23.pom
[INFO] Downloaded: file:///Users/stephanenicolas/.m2/repository/org/apache/maven/plugins/maven-plugins/23/maven-plugins-23.pom (9 KB at 2994.1 KB/sec)
[INFO] Downloading: file:///Users/stephanenicolas/.m2/repository/org/apache/maven/maven-parent/22/maven-parent-22.pom
[INFO] Downloaded: file:///Users/stephanenicolas/.m2/repository/org/apache/maven/maven-parent/22/maven-parent-22.pom (30 KB at 4841.0 KB/sec)
[INFO] Downloading: file:///Users/stephanenicolas/.m2/repository/org/apache/apache/11/apache-11.pom
[INFO] Downloaded: file:///Users/stephanenicolas/.m2/repository/org/apache/apache/11/apache-11.pom (15 KB at 4821.3 KB/sec)
[INFO] Downloading: file:///Users/stephanenicolas/.m2/repository/org/apache/maven/plugins/maven-resources-plugin/2.6/maven-resources-plugin-2.6.jar
[INFO] Downloaded: file:///Users/stephanenicolas/.m2/repository/org/apache/maven/plugins/maven-resources-plugin/2.6/maven-resources-plugin-2.6.jar (29 KB at 4804.5 KB/sec)
[INFO] Downloading: file:///Users/stephanenicolas/.m2/repository/org/apache/maven/plugins/maven-compiler-plugin/2.5.1/maven-compiler-plugin-2.5.1.pom
[INFO] Downloaded: file:///Users/stephanenicolas/.m2/repository/org/apache/maven/plugins/maven-compiler-plugin/2.5.1/maven-compiler-plugin-2.5.1.pom (8 KB at 3870.1 KB/sec)
[INFO] Downloading: file:///Users/stephanenicolas/.m2/repository/org/apache/maven/plugins/maven-plugins/22/maven-plugins-22.pom
[INFO] Downloaded: file:///Users/stephanenicolas/.m2/repository/org/apache/maven/plugins/maven-plugins/22/maven-plugins-22.pom (13 KB at 4244.5 KB/sec)
[INFO] Downloading: file:///Users/stephanenicolas/.m2/repository/org/apache/maven/maven-parent/21/maven-parent-21.pom
[INFO] Downloaded: file:///Users/stephanenicolas/.m2/repository/org/apache/maven/maven-parent/21/maven-parent-21.pom (26 KB at 6435.1 KB/sec)
[INFO] Downloading: file:///Users/stephanenicolas/.m2/repository/org/apache/apache/10/apache-10.pom
[INFO] Downloaded: file:///Users/stephanenicolas/.m2/repository/org/apache/apache/10/apache-10.pom (15 KB at 4817.4 KB/sec)
[INFO] Downloading: file:///Users/stephanenicolas/.m2/repository/org/apache/maven/plugins/maven-compiler-plugin/2.5.1/maven-compiler-plugin-2.5.1.jar
[INFO] Downloaded: file:///Users/stephanenicolas/.m2/repository/org/apache/maven/plugins/maven-compiler-plugin/2.5.1/maven-compiler-plugin-2.5.1.jar (32 KB at 6349.0 KB/sec)
[INFO] Downloading: file:///Users/stephanenicolas/.m2/repository/org/apache/maven/plugins/maven-surefire-plugin/2.12.4/maven-surefire-plugin-2.12.4.pom
[INFO] Downloaded: file:///Users/stephanenicolas/.m2/repository/org/apache/maven/plugins/maven-surefire-plugin/2.12.4/maven-surefire-plugin-2.12.4.pom (11 KB at 5114.7 KB/sec)
[INFO] Downloading: file:///Users/stephanenicolas/.m2/repository/org/apache/maven/surefire/surefire/2.12.4/surefire-2.12.4.pom
[INFO] Downloaded: file:///Users/stephanenicolas/.m2/repository/org/apache/maven/surefire/surefire/2.12.4/surefire-2.12.4.pom (14 KB at 4488.9 KB/sec)
[INFO] Downloading: file:///Users/stephanenicolas/.m2/repository/org/apache/maven/plugins/maven-surefire-plugin/2.12.4/maven-surefire-plugin-2.12.4.jar
[INFO] Downloaded: file:///Users/stephanenicolas/.m2/repository/org/apache/maven/plugins/maven-surefire-plugin/2.12.4/maven-surefire-plugin-2.12.4.jar (30 KB at 5949.6 KB/sec)
[INFO] Downloading: file:///Users/stephanenicolas/.m2/repository/org/apache/maven/plugins/maven-jar-plugin/2.4/maven-jar-plugin-2.4.pom
[INFO] Downloaded: file:///Users/stephanenicolas/.m2/repository/org/apache/maven/plugins/maven-jar-plugin/2.4/maven-jar-plugin-2.4.pom (6 KB at 1899.1 KB/sec)
[INFO] Downloading: file:///Users/stephanenicolas/.m2/repository/org/apache/maven/plugins/maven-jar-plugin/2.4/maven-jar-plugin-2.4.jar
[INFO] Downloaded: file:///Users/stephanenicolas/.m2/repository/org/apache/maven/plugins/maven-jar-plugin/2.4/maven-jar-plugin-2.4.jar (34 KB at 4153.1 KB/sec)
[INFO] Downloading: file:///Users/stephanenicolas/.m2/repository/junit/junit/4.11/junit-4.11.pom
[INFO] Downloaded: file:///Users/stephanenicolas/.m2/repository/junit/junit/4.11/junit-4.11.pom (3 KB at 763.0 KB/sec)
[INFO] Downloading: file:///Users/stephanenicolas/.m2/repository/org/hamcrest/hamcrest-core/1.3/hamcrest-core-1.3.pom
[INFO] Downloaded: file:///Users/stephanenicolas/.m2/repository/org/hamcrest/hamcrest-core/1.3/hamcrest-core-1.3.pom (766 B at 374.0 KB/sec)
[INFO] Downloading: file:///Users/stephanenicolas/.m2/repository/org/hamcrest/hamcrest-parent/1.3/hamcrest-parent-1.3.pom
[INFO] Downloaded: file:///Users/stephanenicolas/.m2/repository/org/hamcrest/hamcrest-parent/1.3/hamcrest-parent-1.3.pom (2 KB at 962.9 KB/sec)
[INFO] Downloading: file:///Users/stephanenicolas/.m2/repository/org/apache/maven/maven-artifact/3.2.1/maven-artifact-3.2.1.pom
[INFO] Downloaded: file:///Users/stephanenicolas/.m2/repository/org/apache/maven/maven-artifact/3.2.1/maven-artifact-3.2.1.pom (2 KB at 961.9 KB/sec)
[INFO] Downloading: file:///Users/stephanenicolas/.m2/repository/org/codehaus/plexus/plexus-classworlds/2.4/plexus-classworlds-2.4.pom
[INFO] Downloaded: file:///Users/stephanenicolas/.m2/repository/org/codehaus/plexus/plexus-classworlds/2.4/plexus-classworlds-2.4.pom (4 KB at 16.3 KB/sec)
[INFO] Downloading: file:///Users/stephanenicolas/.m2/repository/org/codehaus/plexus/plexus-utils/2.1/plexus-utils-2.1.pom
[INFO] Downloaded: file:///Users/stephanenicolas/.m2/repository/org/codehaus/plexus/plexus-utils/2.1/plexus-utils-2.1.pom (4 KB at 328.3 KB/sec)
[INFO] Downloading: file:///Users/stephanenicolas/.m2/repository/org/sonatype/spice/spice-parent/16/spice-parent-16.pom
[INFO] Downloaded: file:///Users/stephanenicolas/.m2/repository/org/sonatype/spice/spice-parent/16/spice-parent-16.pom (9 KB at 2040.5 KB/sec)
[INFO] Downloading: file:///Users/stephanenicolas/.m2/repository/org/sonatype/forge/forge-parent/5/forge-parent-5.pom
[INFO] Downloaded: file:///Users/stephanenicolas/.m2/repository/org/sonatype/forge/forge-parent/5/forge-parent-5.pom (9 KB at 4083.5 KB/sec)
[INFO] Downloading: file:///Users/stephanenicolas/.m2/repository/org/codehaus/plexus/plexus-interpolation/1.19/plexus-interpolation-1.19.pom
[INFO] Downloaded: file:///Users/stephanenicolas/.m2/repository/org/codehaus/plexus/plexus-interpolation/1.19/plexus-interpolation-1.19.pom (2 KB at 502.4 KB/sec)
[INFO] Downloading: file:///Users/stephanenicolas/.m2/repository/org/codehaus/plexus/plexus-components/1.3.1/plexus-components-1.3.1.pom
[INFO] Downloaded: file:///Users/stephanenicolas/.m2/repository/org/codehaus/plexus/plexus-components/1.3.1/plexus-components-1.3.1.pom (3 KB at 1496.1 KB/sec)
[INFO] Downloading: file:///Users/stephanenicolas/.m2/repository/org/codehaus/plexus/plexus-utils/1.5.5/plexus-utils-1.5.5.pom
[INFO] Downloaded: file:///Users/stephanenicolas/.m2/repository/org/codehaus/plexus/plexus-utils/1.5.5/plexus-utils-1.5.5.pom (6 KB at 2513.2 KB/sec)
[INFO] Downloading: file:///Users/stephanenicolas/.m2/repository/org/codehaus/plexus/plexus/1.0.11/plexus-1.0.11.pom
[INFO] Downloaded: file:///Users/stephanenicolas/.m2/repository/org/codehaus/plexus/plexus/1.0.11/plexus-1.0.11.pom (9 KB at 4379.4 KB/sec)
[INFO] Downloading: file:///Users/stephanenicolas/.m2/repository/junit/junit/3.8.1/junit-3.8.1.pom
[INFO] Downloaded: file:///Users/stephanenicolas/.m2/repository/junit/junit/3.8.1/junit-3.8.1.pom (998 B at 974.6 KB/sec)
[INFO] Downloading: file:///Users/stephanenicolas/.m2/repository/org/codehaus/plexus/plexus-utils/1.0.4/plexus-utils-1.0.4.pom
[INFO] Downloaded: file:///Users/stephanenicolas/.m2/repository/org/codehaus/plexus/plexus-utils/1.0.4/plexus-utils-1.0.4.pom (7 KB at 2231.8 KB/sec)
[INFO] Downloading: file:///Users/stephanenicolas/.m2/repository/org/codehaus/plexus/plexus-utils/3.0.15/plexus-utils-3.0.15.pom
[INFO] Downloaded: file:///Users/stephanenicolas/.m2/repository/org/codehaus/plexus/plexus-utils/3.0.15/plexus-utils-3.0.15.pom (4 KB at 3072.3 KB/sec)
[INFO] Downloading: file:///Users/stephanenicolas/.m2/repository/junit/junit/4.11/junit-4.11.jar
[INFO] Downloading: file:///Users/stephanenicolas/.m2/repository/org/hamcrest/hamcrest-core/1.3/hamcrest-core-1.3.jar
[INFO] Downloading: file:///Users/stephanenicolas/.m2/repository/org/apache/maven/maven-artifact/3.2.1/maven-artifact-3.2.1.jar
[INFO] Downloading: file:///Users/stephanenicolas/.m2/repository/org/codehaus/plexus/plexus-interpolation/1.19/plexus-interpolation-1.19.jar
[INFO] Downloaded: file:///Users/stephanenicolas/.m2/repository/org/hamcrest/hamcrest-core/1.3/hamcrest-core-1.3.jar (44 KB at 4396.9 KB/sec)
[INFO] Downloaded: file:///Users/stephanenicolas/.m2/repository/org/apache/maven/maven-artifact/3.2.1/maven-artifact-3.2.1.jar (53 KB at 4366.1 KB/sec)
[INFO] Downloaded: file:///Users/stephanenicolas/.m2/repository/org/codehaus/plexus/plexus-interpolation/1.19/plexus-interpolation-1.19.jar (61 KB at 4634.7 KB/sec)
[INFO] Downloaded: file:///Users/stephanenicolas/.m2/repository/junit/junit/4.11/junit-4.11.jar (240 KB at 7719.2 KB/sec)
[INFO] 
[INFO] --- maven-resources-plugin:2.6:resources (default-resources) @ javassist-maven-plugin-test-project1 ---
[INFO] Downloading: file:///Users/stephanenicolas/.m2/repository/org/apache/maven/maven-plugin-api/2.0.6/maven-plugin-api-2.0.6.pom
[INFO] Downloaded: file:///Users/stephanenicolas/.m2/repository/org/apache/maven/maven-plugin-api/2.0.6/maven-plugin-api-2.0.6.pom (2 KB at 710.4 KB/sec)
[INFO] Downloading: file:///Users/stephanenicolas/.m2/repository/org/apache/maven/maven/2.0.6/maven-2.0.6.pom
[INFO] Downloaded: file:///Users/stephanenicolas/.m2/repository/org/apache/maven/maven/2.0.6/maven-2.0.6.pom (9 KB at 4417.5 KB/sec)
[INFO] Downloading: file:///Users/stephanenicolas/.m2/repository/org/apache/maven/maven-parent/5/maven-parent-5.pom
[INFO] Downloaded: file:///Users/stephanenicolas/.m2/repository/org/apache/maven/maven-parent/5/maven-parent-5.pom (15 KB at 7439.9 KB/sec)
[INFO] Downloading: file:///Users/stephanenicolas/.m2/repository/org/apache/apache/3/apache-3.pom
[INFO] Downloaded: file:///Users/stephanenicolas/.m2/repository/org/apache/apache/3/apache-3.pom (4 KB at 1674.8 KB/sec)
[INFO] Downloading: file:///Users/stephanenicolas/.m2/repository/org/apache/maven/maven-project/2.0.6/maven-project-2.0.6.pom
[INFO] Downloaded: file:///Users/stephanenicolas/.m2/repository/org/apache/maven/maven-project/2.0.6/maven-project-2.0.6.pom (3 KB at 1287.6 KB/sec)
[INFO] Downloading: file:///Users/stephanenicolas/.m2/repository/org/apache/maven/maven-settings/2.0.6/maven-settings-2.0.6.pom
[INFO] Downloaded: file:///Users/stephanenicolas/.m2/repository/org/apache/maven/maven-settings/2.0.6/maven-settings-2.0.6.pom (2 KB at 977.1 KB/sec)
[INFO] Downloading: file:///Users/stephanenicolas/.m2/repository/org/apache/maven/maven-model/2.0.6/maven-model-2.0.6.pom
[INFO] Downloaded: file:///Users/stephanenicolas/.m2/repository/org/apache/maven/maven-model/2.0.6/maven-model-2.0.6.pom (3 KB at 2975.6 KB/sec)
[INFO] Downloading: file:///Users/stephanenicolas/.m2/repository/org/codehaus/plexus/plexus-utils/1.4.1/plexus-utils-1.4.1.pom
[INFO] Downloaded: file:///Users/stephanenicolas/.m2/repository/org/codehaus/plexus/plexus-utils/1.4.1/plexus-utils-1.4.1.pom (2 KB at 932.1 KB/sec)
[INFO] Downloading: file:///Users/stephanenicolas/.m2/repository/org/apache/maven/maven-profile/2.0.6/maven-profile-2.0.6.pom
[INFO] Downloaded: file:///Users/stephanenicolas/.m2/repository/org/apache/maven/maven-profile/2.0.6/maven-profile-2.0.6.pom (2 KB at 1933.6 KB/sec)
[INFO] Downloading: file:///Users/stephanenicolas/.m2/repository/org/apache/maven/maven-artifact-manager/2.0.6/maven-artifact-manager-2.0.6.pom
[INFO] Downloaded: file:///Users/stephanenicolas/.m2/repository/org/apache/maven/maven-artifact-manager/2.0.6/maven-artifact-manager-2.0.6.pom (3 KB at 1280.3 KB/sec)
[INFO] Downloading: file:///Users/stephanenicolas/.m2/repository/org/apache/maven/maven-repository-metadata/2.0.6/maven-repository-metadata-2.0.6.pom
[INFO] Downloaded: file:///Users/stephanenicolas/.m2/repository/org/apache/maven/maven-repository-metadata/2.0.6/maven-repository-metadata-2.0.6.pom (2 KB at 1806.6 KB/sec)
[INFO] Downloading: file:///Users/stephanenicolas/.m2/repository/org/apache/maven/maven-artifact/2.0.6/maven-artifact-2.0.6.pom
[INFO] Downloaded: file:///Users/stephanenicolas/.m2/repository/org/apache/maven/maven-artifact/2.0.6/maven-artifact-2.0.6.pom (2 KB at 1540.0 KB/sec)
[INFO] Downloading: file:///Users/stephanenicolas/.m2/repository/org/apache/maven/maven-plugin-registry/2.0.6/maven-plugin-registry-2.0.6.pom
[INFO] Downloaded: file:///Users/stephanenicolas/.m2/repository/org/apache/maven/maven-plugin-registry/2.0.6/maven-plugin-registry-2.0.6.pom (2 KB at 950.2 KB/sec)
[INFO] Downloading: file:///Users/stephanenicolas/.m2/repository/org/apache/maven/maven-core/2.0.6/maven-core-2.0.6.pom
[INFO] Downloaded: file:///Users/stephanenicolas/.m2/repository/org/apache/maven/maven-core/2.0.6/maven-core-2.0.6.pom (7 KB at 3276.9 KB/sec)
[INFO] Downloading: file:///Users/stephanenicolas/.m2/repository/org/apache/maven/maven-plugin-parameter-documenter/2.0.6/maven-plugin-parameter-documenter-2.0.6.pom
[INFO] Downloaded: file:///Users/stephanenicolas/.m2/repository/org/apache/maven/maven-plugin-parameter-documenter/2.0.6/maven-plugin-parameter-documenter-2.0.6.pom (2 KB at 933.1 KB/sec)
[INFO] Downloading: file:///Users/stephanenicolas/.m2/repository/org/apache/maven/reporting/maven-reporting-api/2.0.6/maven-reporting-api-2.0.6.pom
[INFO] Downloaded: file:///Users/stephanenicolas/.m2/repository/org/apache/maven/reporting/maven-reporting-api/2.0.6/maven-reporting-api-2.0.6.pom (2 KB at 855.5 KB/sec)
[INFO] Downloading: file:///Users/stephanenicolas/.m2/repository/org/apache/maven/reporting/maven-reporting/2.0.6/maven-reporting-2.0.6.pom
[INFO] Downloaded: file:///Users/stephanenicolas/.m2/repository/org/apache/maven/reporting/maven-reporting/2.0.6/maven-reporting-2.0.6.pom (2 KB at 1405.3 KB/sec)
[INFO] Downloading: file:///Users/stephanenicolas/.m2/repository/org/apache/maven/doxia/doxia-sink-api/1.0-alpha-7/doxia-sink-api-1.0-alpha-7.pom
[INFO] Downloaded: file:///Users/stephanenicolas/.m2/repository/org/apache/maven/doxia/doxia-sink-api/1.0-alpha-7/doxia-sink-api-1.0-alpha-7.pom (424 B at 138.0 KB/sec)
[INFO] Downloading: file:///Users/stephanenicolas/.m2/repository/org/apache/maven/doxia/doxia/1.0-alpha-7/doxia-1.0-alpha-7.pom
[INFO] Downloaded: file:///Users/stephanenicolas/.m2/repository/org/apache/maven/doxia/doxia/1.0-alpha-7/doxia-1.0-alpha-7.pom (4 KB at 1910.6 KB/sec)
[INFO] Downloading: file:///Users/stephanenicolas/.m2/repository/org/apache/maven/maven-error-diagnostics/2.0.6/maven-error-diagnostics-2.0.6.pom
[INFO] Downloaded: file:///Users/stephanenicolas/.m2/repository/org/apache/maven/maven-error-diagnostics/2.0.6/maven-error-diagnostics-2.0.6.pom (2 KB at 832.0 KB/sec)
[INFO] Downloading: file:///Users/stephanenicolas/.m2/repository/commons-cli/commons-cli/1.0/commons-cli-1.0.pom
[INFO] Downloaded: file:///Users/stephanenicolas/.m2/repository/commons-cli/commons-cli/1.0/commons-cli-1.0.pom (3 KB at 1027.8 KB/sec)
[INFO] Downloading: file:///Users/stephanenicolas/.m2/repository/org/apache/maven/maven-plugin-descriptor/2.0.6/maven-plugin-descriptor-2.0.6.pom
[INFO] Downloaded: file:///Users/stephanenicolas/.m2/repository/org/apache/maven/maven-plugin-descriptor/2.0.6/maven-plugin-descriptor-2.0.6.pom (2 KB at 985.4 KB/sec)
[INFO] Downloading: file:///Users/stephanenicolas/.m2/repository/org/codehaus/plexus/plexus-interactivity-api/1.0-alpha-4/plexus-interactivity-api-1.0-alpha-4.pom
[INFO] Downloaded: file:///Users/stephanenicolas/.m2/repository/org/codehaus/plexus/plexus-interactivity-api/1.0-alpha-4/plexus-interactivity-api-1.0-alpha-4.pom (7 KB at 6924.8 KB/sec)
[INFO] Downloading: file:///Users/stephanenicolas/.m2/repository/org/apache/maven/maven-monitor/2.0.6/maven-monitor-2.0.6.pom
[INFO] Downloaded: file:///Users/stephanenicolas/.m2/repository/org/apache/maven/maven-monitor/2.0.6/maven-monitor-2.0.6.pom (2 KB at 1224.6 KB/sec)
[INFO] Downloading: file:///Users/stephanenicolas/.m2/repository/classworlds/classworlds/1.1/classworlds-1.1.pom
[INFO] Downloaded: file:///Users/stephanenicolas/.m2/repository/classworlds/classworlds/1.1/classworlds-1.1.pom (4 KB at 3246.1 KB/sec)
[INFO] Downloading: file:///Users/stephanenicolas/.m2/repository/org/codehaus/plexus/plexus-utils/2.0.5/plexus-utils-2.0.5.pom
[INFO] Downloaded: file:///Users/stephanenicolas/.m2/repository/org/codehaus/plexus/plexus-utils/2.0.5/plexus-utils-2.0.5.pom (4 KB at 1627.9 KB/sec)
[INFO] Downloading: file:///Users/stephanenicolas/.m2/repository/org/codehaus/plexus/plexus/2.0.6/plexus-2.0.6.pom
[INFO] Downloaded: file:///Users/stephanenicolas/.m2/repository/org/codehaus/plexus/plexus/2.0.6/plexus-2.0.6.pom (17 KB at 16370.1 KB/sec)
[INFO] Downloading: file:///Users/stephanenicolas/.m2/repository/org/apache/maven/shared/maven-filtering/1.1/maven-filtering-1.1.pom
[INFO] Downloaded: file:///Users/stephanenicolas/.m2/repository/org/apache/maven/shared/maven-filtering/1.1/maven-filtering-1.1.pom (6 KB at 2826.7 KB/sec)
[INFO] Downloading: file:///Users/stephanenicolas/.m2/repository/org/apache/maven/shared/maven-shared-components/17/maven-shared-components-17.pom
[INFO] Downloaded: file:///Users/stephanenicolas/.m2/repository/org/apache/maven/shared/maven-shared-components/17/maven-shared-components-17.pom (9 KB at 4249.0 KB/sec)
[INFO] Downloading: file:///Users/stephanenicolas/.m2/repository/org/codehaus/plexus/plexus-utils/1.5.15/plexus-utils-1.5.15.pom
[INFO] Downloaded: file:///Users/stephanenicolas/.m2/repository/org/codehaus/plexus/plexus-utils/1.5.15/plexus-utils-1.5.15.pom (7 KB at 6688.5 KB/sec)
[INFO] Downloading: file:///Users/stephanenicolas/.m2/repository/org/codehaus/plexus/plexus/2.0.2/plexus-2.0.2.pom
[INFO] Downloaded: file:///Users/stephanenicolas/.m2/repository/org/codehaus/plexus/plexus/2.0.2/plexus-2.0.2.pom (12 KB at 11337.9 KB/sec)
[INFO] Downloading: file:///Users/stephanenicolas/.m2/repository/org/codehaus/plexus/plexus-interpolation/1.12/plexus-interpolation-1.12.pom
[INFO] Downloaded: file:///Users/stephanenicolas/.m2/repository/org/codehaus/plexus/plexus-interpolation/1.12/plexus-interpolation-1.12.pom (889 B at 434.1 KB/sec)
[INFO] Downloading: file:///Users/stephanenicolas/.m2/repository/org/codehaus/plexus/plexus-components/1.1.14/plexus-components-1.1.14.pom
[INFO] Downloaded: file:///Users/stephanenicolas/.m2/repository/org/codehaus/plexus/plexus-components/1.1.14/plexus-components-1.1.14.pom (6 KB at 2852.5 KB/sec)
[INFO] Downloading: file:///Users/stephanenicolas/.m2/repository/org/sonatype/plexus/plexus-build-api/0.0.4/plexus-build-api-0.0.4.pom
[INFO] Downloaded: file:///Users/stephanenicolas/.m2/repository/org/sonatype/plexus/plexus-build-api/0.0.4/plexus-build-api-0.0.4.pom (3 KB at 2795.9 KB/sec)
[INFO] Downloading: file:///Users/stephanenicolas/.m2/repository/org/sonatype/spice/spice-parent/10/spice-parent-10.pom
[INFO] Downloaded: file:///Users/stephanenicolas/.m2/repository/org/sonatype/spice/spice-parent/10/spice-parent-10.pom (3 KB at 1472.2 KB/sec)
[INFO] Downloading: file:///Users/stephanenicolas/.m2/repository/org/sonatype/forge/forge-parent/3/forge-parent-3.pom
[INFO] Downloaded: file:///Users/stephanenicolas/.m2/repository/org/sonatype/forge/forge-parent/3/forge-parent-3.pom (5 KB at 4915.0 KB/sec)
[INFO] Downloading: file:///Users/stephanenicolas/.m2/repository/org/codehaus/plexus/plexus-utils/1.5.8/plexus-utils-1.5.8.pom
[INFO] Downloaded: file:///Users/stephanenicolas/.m2/repository/org/codehaus/plexus/plexus-utils/1.5.8/plexus-utils-1.5.8.pom (8 KB at 7874.0 KB/sec)
[INFO] Downloading: file:///Users/stephanenicolas/.m2/repository/org/codehaus/plexus/plexus-interpolation/1.13/plexus-interpolation-1.13.pom
[INFO] Downloaded: file:///Users/stephanenicolas/.m2/repository/org/codehaus/plexus/plexus-interpolation/1.13/plexus-interpolation-1.13.pom (890 B at 217.3 KB/sec)
[INFO] Downloading: file:///Users/stephanenicolas/.m2/repository/org/codehaus/plexus/plexus-components/1.1.15/plexus-components-1.1.15.pom
[INFO] Downloaded: file:///Users/stephanenicolas/.m2/repository/org/codehaus/plexus/plexus-components/1.1.15/plexus-components-1.1.15.pom (3 KB at 2781.2 KB/sec)
[INFO] Downloading: file:///Users/stephanenicolas/.m2/repository/org/codehaus/plexus/plexus/2.0.3/plexus-2.0.3.pom
[INFO] Downloaded: file:///Users/stephanenicolas/.m2/repository/org/codehaus/plexus/plexus/2.0.3/plexus-2.0.3.pom (16 KB at 15098.6 KB/sec)
[INFO] Downloading: file:///Users/stephanenicolas/.m2/repository/org/apache/maven/reporting/maven-reporting-api/2.0.6/maven-reporting-api-2.0.6.jar
[INFO] Downloading: file:///Users/stephanenicolas/.m2/repository/org/apache/maven/doxia/doxia-sink-api/1.0-alpha-7/doxia-sink-api-1.0-alpha-7.jar
[INFO] Downloading: file:///Users/stephanenicolas/.m2/repository/commons-cli/commons-cli/1.0/commons-cli-1.0.jar
[INFO] Downloading: file:///Users/stephanenicolas/.m2/repository/org/codehaus/plexus/plexus-interactivity-api/1.0-alpha-4/plexus-interactivity-api-1.0-alpha-4.jar
[INFO] Downloading: file:///Users/stephanenicolas/.m2/repository/junit/junit/3.8.1/junit-3.8.1.jar
[INFO] Downloaded: file:///Users/stephanenicolas/.m2/repository/org/apache/maven/reporting/maven-reporting-api/2.0.6/maven-reporting-api-2.0.6.jar (10 KB at 9708.0 KB/sec)
[INFO] Downloading: file:///Users/stephanenicolas/.m2/repository/org/codehaus/plexus/plexus-utils/2.0.5/plexus-utils-2.0.5.jar
[INFO] Downloaded: file:///Users/stephanenicolas/.m2/repository/commons-cli/commons-cli/1.0/commons-cli-1.0.jar (30 KB at 14705.6 KB/sec)
[INFO] Downloaded: file:///Users/stephanenicolas/.m2/repository/org/apache/maven/doxia/doxia-sink-api/1.0-alpha-7/doxia-sink-api-1.0-alpha-7.jar (6 KB at 2898.4 KB/sec)
[INFO] Downloading: file:///Users/stephanenicolas/.m2/repository/org/apache/maven/shared/maven-filtering/1.1/maven-filtering-1.1.jar
[INFO] Downloading: file:///Users/stephanenicolas/.m2/repository/org/sonatype/plexus/plexus-build-api/0.0.4/plexus-build-api-0.0.4.jar
[INFO] Downloaded: file:///Users/stephanenicolas/.m2/repository/org/codehaus/plexus/plexus-interactivity-api/1.0-alpha-4/plexus-interactivity-api-1.0-alpha-4.jar (14 KB at 6546.4 KB/sec)
[INFO] Downloading: file:///Users/stephanenicolas/.m2/repository/org/codehaus/plexus/plexus-interpolation/1.13/plexus-interpolation-1.13.jar
[INFO] Downloaded: file:///Users/stephanenicolas/.m2/repository/org/sonatype/plexus/plexus-build-api/0.0.4/plexus-build-api-0.0.4.jar (7 KB at 3324.7 KB/sec)
[INFO] Downloaded: file:///Users/stephanenicolas/.m2/repository/junit/junit/3.8.1/junit-3.8.1.jar (119 KB at 29558.1 KB/sec)
[INFO] Downloaded: file:///Users/stephanenicolas/.m2/repository/org/apache/maven/shared/maven-filtering/1.1/maven-filtering-1.1.jar (43 KB at 21047.9 KB/sec)
[INFO] Downloaded: file:///Users/stephanenicolas/.m2/repository/org/codehaus/plexus/plexus-interpolation/1.13/plexus-interpolation-1.13.jar (60 KB at 19875.3 KB/sec)
[INFO] Downloaded: file:///Users/stephanenicolas/.m2/repository/org/codehaus/plexus/plexus-utils/2.0.5/plexus-utils-2.0.5.jar (218 KB at 43588.1 KB/sec)
[WARNING] Using platform encoding (UTF-8 actually) to copy filtered resources, i.e. build is platform dependent!
[INFO] skip non existing resourceDirectory /Users/stephanenicolas/git/javassist-maven-plugin/src/it/resources/project1/src/main/resources
[INFO] 
[INFO] --- maven-compiler-plugin:2.5.1:compile (default-compile) @ javassist-maven-plugin-test-project1 ---
[INFO] Downloading: file:///Users/stephanenicolas/.m2/repository/org/apache/maven/maven-plugin-api/2.0.9/maven-plugin-api-2.0.9.pom
[INFO] Downloaded: file:///Users/stephanenicolas/.m2/repository/org/apache/maven/maven-plugin-api/2.0.9/maven-plugin-api-2.0.9.pom (2 KB at 729.5 KB/sec)
[INFO] Downloading: file:///Users/stephanenicolas/.m2/repository/org/apache/maven/maven/2.0.9/maven-2.0.9.pom
[INFO] Downloaded: file:///Users/stephanenicolas/.m2/repository/org/apache/maven/maven/2.0.9/maven-2.0.9.pom (19 KB at 18463.9 KB/sec)
[INFO] Downloading: file:///Users/stephanenicolas/.m2/repository/org/apache/maven/maven-parent/8/maven-parent-8.pom
[INFO] Downloaded: file:///Users/stephanenicolas/.m2/repository/org/apache/maven/maven-parent/8/maven-parent-8.pom (24 KB at 7855.8 KB/sec)
[INFO] Downloading: file:///Users/stephanenicolas/.m2/repository/org/apache/apache/4/apache-4.pom
[INFO] Downloaded: file:///Users/stephanenicolas/.m2/repository/org/apache/apache/4/apache-4.pom (5 KB at 2194.8 KB/sec)
[INFO] Downloading: file:///Users/stephanenicolas/.m2/repository/org/apache/maven/maven-artifact/2.0.9/maven-artifact-2.0.9.pom
[INFO] Downloaded: file:///Users/stephanenicolas/.m2/repository/org/apache/maven/maven-artifact/2.0.9/maven-artifact-2.0.9.pom (2 KB at 1581.1 KB/sec)
[INFO] Downloading: file:///Users/stephanenicolas/.m2/repository/org/codehaus/plexus/plexus-utils/1.5.1/plexus-utils-1.5.1.pom
[INFO] Downloaded: file:///Users/stephanenicolas/.m2/repository/org/codehaus/plexus/plexus-utils/1.5.1/plexus-utils-1.5.1.pom (3 KB at 2242.2 KB/sec)
[INFO] Downloading: file:///Users/stephanenicolas/.m2/repository/org/apache/maven/maven-core/2.0.9/maven-core-2.0.9.pom
[INFO] Downloaded: file:///Users/stephanenicolas/.m2/repository/org/apache/maven/maven-core/2.0.9/maven-core-2.0.9.pom (8 KB at 7602.5 KB/sec)
[INFO] Downloading: file:///Users/stephanenicolas/.m2/repository/org/apache/maven/maven-settings/2.0.9/maven-settings-2.0.9.pom
[INFO] Downloaded: file:///Users/stephanenicolas/.m2/repository/org/apache/maven/maven-settings/2.0.9/maven-settings-2.0.9.pom (3 KB at 2009.8 KB/sec)
[INFO] Downloading: file:///Users/stephanenicolas/.m2/repository/org/apache/maven/maven-model/2.0.9/maven-model-2.0.9.pom
[INFO] Downloaded: file:///Users/stephanenicolas/.m2/repository/org/apache/maven/maven-model/2.0.9/maven-model-2.0.9.pom (4 KB at 3066.4 KB/sec)
[INFO] Downloading: file:///Users/stephanenicolas/.m2/repository/org/apache/maven/maven-plugin-parameter-documenter/2.0.9/maven-plugin-parameter-documenter-2.0.9.pom
[INFO] Downloaded: file:///Users/stephanenicolas/.m2/repository/org/apache/maven/maven-plugin-parameter-documenter/2.0.9/maven-plugin-parameter-documenter-2.0.9.pom (2 KB at 1918.0 KB/sec)
[INFO] Downloading: file:///Users/stephanenicolas/.m2/repository/org/apache/maven/maven-profile/2.0.9/maven-profile-2.0.9.pom
[INFO] Downloaded: file:///Users/stephanenicolas/.m2/repository/org/apache/maven/maven-profile/2.0.9/maven-profile-2.0.9.pom (3 KB at 2002.0 KB/sec)
[INFO] Downloading: file:///Users/stephanenicolas/.m2/repository/org/apache/maven/maven-repository-metadata/2.0.9/maven-repository-metadata-2.0.9.pom
[INFO] Downloaded: file:///Users/stephanenicolas/.m2/repository/org/apache/maven/maven-repository-metadata/2.0.9/maven-repository-metadata-2.0.9.pom (2 KB at 1856.4 KB/sec)
[INFO] Downloading: file:///Users/stephanenicolas/.m2/repository/org/apache/maven/maven-error-diagnostics/2.0.9/maven-error-diagnostics-2.0.9.pom
[INFO] Downloaded: file:///Users/stephanenicolas/.m2/repository/org/apache/maven/maven-error-diagnostics/2.0.9/maven-error-diagnostics-2.0.9.pom (2 KB at 851.6 KB/sec)
[INFO] Downloading: file:///Users/stephanenicolas/.m2/repository/org/apache/maven/maven-project/2.0.9/maven-project-2.0.9.pom
[INFO] Downloaded: file:///Users/stephanenicolas/.m2/repository/org/apache/maven/maven-project/2.0.9/maven-project-2.0.9.pom (3 KB at 2646.5 KB/sec)
[INFO] Downloading: file:///Users/stephanenicolas/.m2/repository/org/apache/maven/maven-artifact-manager/2.0.9/maven-artifact-manager-2.0.9.pom
[INFO] Downloaded: file:///Users/stephanenicolas/.m2/repository/org/apache/maven/maven-artifact-manager/2.0.9/maven-artifact-manager-2.0.9.pom (3 KB at 2636.7 KB/sec)
[INFO] Downloading: file:///Users/stephanenicolas/.m2/repository/org/apache/maven/maven-plugin-registry/2.0.9/maven-plugin-registry-2.0.9.pom
[INFO] Downloaded: file:///Users/stephanenicolas/.m2/repository/org/apache/maven/maven-plugin-registry/2.0.9/maven-plugin-registry-2.0.9.pom (2 KB at 962.4 KB/sec)
[INFO] Downloading: file:///Users/stephanenicolas/.m2/repository/org/apache/maven/maven-plugin-descriptor/2.0.9/maven-plugin-descriptor-2.0.9.pom
[INFO] Downloaded: file:///Users/stephanenicolas/.m2/repository/org/apache/maven/maven-plugin-descriptor/2.0.9/maven-plugin-descriptor-2.0.9.pom (3 KB at 1013.2 KB/sec)
[INFO] Downloading: file:///Users/stephanenicolas/.m2/repository/org/apache/maven/maven-monitor/2.0.9/maven-monitor-2.0.9.pom
[INFO] Downloaded: file:///Users/stephanenicolas/.m2/repository/org/apache/maven/maven-monitor/2.0.9/maven-monitor-2.0.9.pom (2 KB at 1254.9 KB/sec)
[INFO] Downloading: file:///Users/stephanenicolas/.m2/repository/org/apache/maven/maven-toolchain/1.0/maven-toolchain-1.0.pom
[INFO] Downloaded: file:///Users/stephanenicolas/.m2/repository/org/apache/maven/maven-toolchain/1.0/maven-toolchain-1.0.pom (4 KB at 3334.0 KB/sec)
[INFO] Downloading: file:///Users/stephanenicolas/.m2/repository/org/codehaus/plexus/plexus-utils/3.0/plexus-utils-3.0.pom
[INFO] Downloaded: file:///Users/stephanenicolas/.m2/repository/org/codehaus/plexus/plexus-utils/3.0/plexus-utils-3.0.pom (4 KB at 3971.7 KB/sec)
[INFO] Downloading: file:///Users/stephanenicolas/.m2/repository/org/codehaus/plexus/plexus-compiler-api/1.9.1/plexus-compiler-api-1.9.1.pom
[INFO] Downloaded: file:///Users/stephanenicolas/.m2/repository/org/codehaus/plexus/plexus-compiler-api/1.9.1/plexus-compiler-api-1.9.1.pom (867 B at 846.7 KB/sec)
[INFO] Downloading: file:///Users/stephanenicolas/.m2/repository/org/codehaus/plexus/plexus-compiler/1.9.1/plexus-compiler-1.9.1.pom
[INFO] Downloaded: file:///Users/stephanenicolas/.m2/repository/org/codehaus/plexus/plexus-compiler/1.9.1/plexus-compiler-1.9.1.pom (4 KB at 3751.0 KB/sec)
[INFO] Downloading: file:///Users/stephanenicolas/.m2/repository/org/codehaus/plexus/plexus-components/1.1.20/plexus-components-1.1.20.pom
[INFO] Downloaded: file:///Users/stephanenicolas/.m2/repository/org/codehaus/plexus/plexus-components/1.1.20/plexus-components-1.1.20.pom (3 KB at 1473.1 KB/sec)
[INFO] Downloading: file:///Users/stephanenicolas/.m2/repository/org/codehaus/plexus/plexus/3.1/plexus-3.1.pom
[INFO] Downloaded: file:///Users/stephanenicolas/.m2/repository/org/codehaus/plexus/plexus/3.1/plexus-3.1.pom (19 KB at 9089.4 KB/sec)
[INFO] Downloading: file:///Users/stephanenicolas/.m2/repository/org/codehaus/plexus/plexus-compiler-manager/1.9.1/plexus-compiler-manager-1.9.1.pom
[INFO] Downloaded: file:///Users/stephanenicolas/.m2/repository/org/codehaus/plexus/plexus-compiler-manager/1.9.1/plexus-compiler-manager-1.9.1.pom (692 B at 675.8 KB/sec)
[INFO] Downloading: file:///Users/stephanenicolas/.m2/repository/org/codehaus/plexus/plexus-compiler-javac/1.9.1/plexus-compiler-javac-1.9.1.pom
[INFO] Downloaded: file:///Users/stephanenicolas/.m2/repository/org/codehaus/plexus/plexus-compiler-javac/1.9.1/plexus-compiler-javac-1.9.1.pom (688 B at 671.9 KB/sec)
[INFO] Downloading: file:///Users/stephanenicolas/.m2/repository/org/codehaus/plexus/plexus-compilers/1.9.1/plexus-compilers-1.9.1.pom
[INFO] Downloaded: file:///Users/stephanenicolas/.m2/repository/org/codehaus/plexus/plexus-compilers/1.9.1/plexus-compilers-1.9.1.pom (2 KB at 606.9 KB/sec)
[INFO] Downloading: file:///Users/stephanenicolas/.m2/repository/org/codehaus/plexus/plexus-utils/3.0/plexus-utils-3.0.jar
[INFO] Downloading: file:///Users/stephanenicolas/.m2/repository/org/codehaus/plexus/plexus-compiler-api/1.9.1/plexus-compiler-api-1.9.1.jar
[INFO] Downloading: file:///Users/stephanenicolas/.m2/repository/org/codehaus/plexus/plexus-compiler-manager/1.9.1/plexus-compiler-manager-1.9.1.jar
[INFO] Downloading: file:///Users/stephanenicolas/.m2/repository/org/codehaus/plexus/plexus-compiler-javac/1.9.1/plexus-compiler-javac-1.9.1.jar
[INFO] Downloaded: file:///Users/stephanenicolas/.m2/repository/org/codehaus/plexus/plexus-compiler-manager/1.9.1/plexus-compiler-manager-1.9.1.jar (5 KB at 2224.6 KB/sec)
[INFO] Downloaded: file:///Users/stephanenicolas/.m2/repository/org/codehaus/plexus/plexus-compiler-api/1.9.1/plexus-compiler-api-1.9.1.jar (21 KB at 10446.3 KB/sec)
[INFO] Downloaded: file:///Users/stephanenicolas/.m2/repository/org/codehaus/plexus/plexus-compiler-javac/1.9.1/plexus-compiler-javac-1.9.1.jar (14 KB at 6988.8 KB/sec)
[INFO] Downloaded: file:///Users/stephanenicolas/.m2/repository/org/codehaus/plexus/plexus-utils/3.0/plexus-utils-3.0.jar (221 KB at 44154.7 KB/sec)
[WARNING] File encoding has not been set, using platform encoding UTF-8, i.e. build is platform dependent!
[INFO] Compiling 1 source file to /Users/stephanenicolas/git/javassist-maven-plugin/src/it/resources/project1/target/classes
[INFO] 
[INFO] --- javassist-maven-plugin:1.0.2-SNAPSHOT:javassist (default) @ javassist-maven-plugin-test-project1 ---
[INFO] #1 classes instrumented by com.github.drochetti.javassist.maven.example.transformer.MethodCallClassTransformer
[INFO] 
[INFO] --- maven-resources-plugin:2.6:testResources (default-testResources) @ javassist-maven-plugin-test-project1 ---
[WARNING] Using platform encoding (UTF-8 actually) to copy filtered resources, i.e. build is platform dependent!
[INFO] skip non existing resourceDirectory /Users/stephanenicolas/git/javassist-maven-plugin/src/it/resources/project1/src/test/resources
[INFO] 
[INFO] --- maven-compiler-plugin:2.5.1:testCompile (default-testCompile) @ javassist-maven-plugin-test-project1 ---
[INFO] Nothing to compile - all classes are up to date
[INFO] 
[INFO] --- maven-surefire-plugin:2.12.4:test (default-test) @ javassist-maven-plugin-test-project1 ---
[INFO] Downloading: file:///Users/stephanenicolas/.m2/repository/org/apache/maven/surefire/surefire-booter/2.12.4/surefire-booter-2.12.4.pom
[INFO] Downloaded: file:///Users/stephanenicolas/.m2/repository/org/apache/maven/surefire/surefire-booter/2.12.4/surefire-booter-2.12.4.pom (3 KB at 1480.5 KB/sec)
[INFO] Downloading: file:///Users/stephanenicolas/.m2/repository/org/apache/maven/surefire/surefire-api/2.12.4/surefire-api-2.12.4.pom
[INFO] Downloaded: file:///Users/stephanenicolas/.m2/repository/org/apache/maven/surefire/surefire-api/2.12.4/surefire-api-2.12.4.pom (3 KB at 2432.6 KB/sec)
[INFO] Downloading: file:///Users/stephanenicolas/.m2/repository/org/apache/maven/surefire/maven-surefire-common/2.12.4/maven-surefire-common-2.12.4.pom
[INFO] Downloaded: file:///Users/stephanenicolas/.m2/repository/org/apache/maven/surefire/maven-surefire-common/2.12.4/maven-surefire-common-2.12.4.pom (6 KB at 2700.2 KB/sec)
[INFO] Downloading: file:///Users/stephanenicolas/.m2/repository/org/apache/maven/plugin-tools/maven-plugin-annotations/3.1/maven-plugin-annotations-3.1.pom
[INFO] Downloaded: file:///Users/stephanenicolas/.m2/repository/org/apache/maven/plugin-tools/maven-plugin-annotations/3.1/maven-plugin-annotations-3.1.pom (2 KB at 793.0 KB/sec)
[INFO] Downloading: file:///Users/stephanenicolas/.m2/repository/org/apache/maven/plugin-tools/maven-plugin-tools/3.1/maven-plugin-tools-3.1.pom
[INFO] Downloaded: file:///Users/stephanenicolas/.m2/repository/org/apache/maven/plugin-tools/maven-plugin-tools/3.1/maven-plugin-tools-3.1.pom (16 KB at 7902.3 KB/sec)
[INFO] Downloading: file:///Users/stephanenicolas/.m2/repository/org/codehaus/plexus/plexus-utils/3.0.8/plexus-utils-3.0.8.pom
[INFO] Downloaded: file:///Users/stephanenicolas/.m2/repository/org/codehaus/plexus/plexus-utils/3.0.8/plexus-utils-3.0.8.pom (4 KB at 3068.4 KB/sec)
[INFO] Downloading: file:///Users/stephanenicolas/.m2/repository/org/apache/maven/reporting/maven-reporting-api/2.0.9/maven-reporting-api-2.0.9.pom
[INFO] Downloaded: file:///Users/stephanenicolas/.m2/repository/org/apache/maven/reporting/maven-reporting-api/2.0.9/maven-reporting-api-2.0.9.pom (2 KB at 1759.8 KB/sec)
[INFO] Downloading: file:///Users/stephanenicolas/.m2/repository/org/apache/maven/reporting/maven-reporting/2.0.9/maven-reporting-2.0.9.pom
[INFO] Downloaded: file:///Users/stephanenicolas/.m2/repository/org/apache/maven/reporting/maven-reporting/2.0.9/maven-reporting-2.0.9.pom (2 KB at 720.7 KB/sec)
[INFO] Downloading: file:///Users/stephanenicolas/.m2/repository/org/apache/maven/maven-toolchain/2.0.9/maven-toolchain-2.0.9.pom
[INFO] Downloaded: file:///Users/stephanenicolas/.m2/repository/org/apache/maven/maven-toolchain/2.0.9/maven-toolchain-2.0.9.pom (4 KB at 3394.5 KB/sec)
[INFO] Downloading: file:///Users/stephanenicolas/.m2/repository/org/apache/commons/commons-lang3/3.1/commons-lang3-3.1.pom
[INFO] Downloaded: file:///Users/stephanenicolas/.m2/repository/org/apache/commons/commons-lang3/3.1/commons-lang3-3.1.pom (17 KB at 16319.3 KB/sec)
[INFO] Downloading: file:///Users/stephanenicolas/.m2/repository/org/apache/commons/commons-parent/22/commons-parent-22.pom
[INFO] Downloaded: file:///Users/stephanenicolas/.m2/repository/org/apache/commons/commons-parent/22/commons-parent-22.pom (41 KB at 20467.8 KB/sec)
[INFO] Downloading: file:///Users/stephanenicolas/.m2/repository/org/apache/maven/shared/maven-common-artifact-filters/1.3/maven-common-artifact-filters-1.3.pom
[INFO] Downloaded: file:///Users/stephanenicolas/.m2/repository/org/apache/maven/shared/maven-common-artifact-filters/1.3/maven-common-artifact-filters-1.3.pom (4 KB at 1807.6 KB/sec)
[INFO] Downloading: file:///Users/stephanenicolas/.m2/repository/org/apache/maven/shared/maven-shared-components/12/maven-shared-components-12.pom
[INFO] Downloaded: file:///Users/stephanenicolas/.m2/repository/org/apache/maven/shared/maven-shared-components/12/maven-shared-components-12.pom (10 KB at 9118.2 KB/sec)
[INFO] Downloading: file:///Users/stephanenicolas/.m2/repository/org/apache/maven/maven-parent/13/maven-parent-13.pom
[INFO] Downloaded: file:///Users/stephanenicolas/.m2/repository/org/apache/maven/maven-parent/13/maven-parent-13.pom (23 KB at 22103.5 KB/sec)
[INFO] Downloading: file:///Users/stephanenicolas/.m2/repository/org/apache/apache/6/apache-6.pom
[INFO] Downloaded: file:///Users/stephanenicolas/.m2/repository/org/apache/apache/6/apache-6.pom (13 KB at 65.8 KB/sec)
[INFO] Downloading: file:///Users/stephanenicolas/.m2/repository/org/codehaus/plexus/plexus-container-default/1.0-alpha-9/plexus-container-default-1.0-alpha-9.pom
[INFO] Downloaded: file:///Users/stephanenicolas/.m2/repository/org/codehaus/plexus/plexus-container-default/1.0-alpha-9/plexus-container-default-1.0-alpha-9.pom (2 KB at 301.8 KB/sec)
[INFO] Downloading: file:///Users/stephanenicolas/.m2/repository/org/apache/maven/surefire/surefire-booter/2.12.4/surefire-booter-2.12.4.jar
[INFO] Downloading: file:///Users/stephanenicolas/.m2/repository/org/apache/maven/surefire/surefire-api/2.12.4/surefire-api-2.12.4.jar
[INFO] Downloading: file:///Users/stephanenicolas/.m2/repository/org/apache/maven/surefire/maven-surefire-common/2.12.4/maven-surefire-common-2.12.4.jar
[INFO] Downloading: file:///Users/stephanenicolas/.m2/repository/org/apache/commons/commons-lang3/3.1/commons-lang3-3.1.jar
[INFO] Downloading: file:///Users/stephanenicolas/.m2/repository/org/apache/maven/shared/maven-common-artifact-filters/1.3/maven-common-artifact-filters-1.3.jar
[INFO] Downloaded: file:///Users/stephanenicolas/.m2/repository/org/apache/maven/surefire/surefire-booter/2.12.4/surefire-booter-2.12.4.jar (34 KB at 8467.3 KB/sec)
[INFO] Downloading: file:///Users/stephanenicolas/.m2/repository/org/codehaus/plexus/plexus-utils/3.0.8/plexus-utils-3.0.8.jar
[INFO] Downloaded: file:///Users/stephanenicolas/.m2/repository/org/apache/maven/shared/maven-common-artifact-filters/1.3/maven-common-artifact-filters-1.3.jar (31 KB at 7582.8 KB/sec)
[INFO] Downloading: file:///Users/stephanenicolas/.m2/repository/org/apache/maven/reporting/maven-reporting-api/2.0.9/maven-reporting-api-2.0.9.jar
[INFO] Downloaded: file:///Users/stephanenicolas/.m2/repository/org/apache/maven/surefire/surefire-api/2.12.4/surefire-api-2.12.4.jar (115 KB at 16403.9 KB/sec)
[INFO] Downloading: file:///Users/stephanenicolas/.m2/repository/org/apache/maven/plugin-tools/maven-plugin-annotations/3.1/maven-plugin-annotations-3.1.jar
[INFO] Downloaded: file:///Users/stephanenicolas/.m2/repository/org/apache/maven/reporting/maven-reporting-api/2.0.9/maven-reporting-api-2.0.9.jar (10 KB at 4949.7 KB/sec)
[INFO] Downloaded: file:///Users/stephanenicolas/.m2/repository/org/apache/maven/plugin-tools/maven-plugin-annotations/3.1/maven-plugin-annotations-3.1.jar (14 KB at 6847.2 KB/sec)
[INFO] Downloaded: file:///Users/stephanenicolas/.m2/repository/org/apache/maven/surefire/maven-surefire-common/2.12.4/maven-surefire-common-2.12.4.jar (257 KB at 23315.7 KB/sec)
[INFO] Downloaded: file:///Users/stephanenicolas/.m2/repository/org/codehaus/plexus/plexus-utils/3.0.8/plexus-utils-3.0.8.jar (227 KB at 20580.8 KB/sec)
[INFO] Downloaded: file:///Users/stephanenicolas/.m2/repository/org/apache/commons/commons-lang3/3.1/commons-lang3-3.1.jar (309 KB at 22028.8 KB/sec)
[INFO] Surefire report directory: /Users/stephanenicolas/git/javassist-maven-plugin/src/it/resources/project1/target/surefire-reports
[INFO] Downloading: file:///Users/stephanenicolas/.m2/repository/org/apache/maven/surefire/surefire-junit4/2.12.4/surefire-junit4-2.12.4.pom
[INFO] Downloaded: file:///Users/stephanenicolas/.m2/repository/org/apache/maven/surefire/surefire-junit4/2.12.4/surefire-junit4-2.12.4.pom (3 KB at 784.5 KB/sec)
[INFO] Downloading: file:///Users/stephanenicolas/.m2/repository/org/apache/maven/surefire/surefire-providers/2.12.4/surefire-providers-2.12.4.pom
[INFO] Downloaded: file:///Users/stephanenicolas/.m2/repository/org/apache/maven/surefire/surefire-providers/2.12.4/surefire-providers-2.12.4.pom (3 KB at 2293.0 KB/sec)
[INFO] Downloading: file:///Users/stephanenicolas/.m2/repository/org/apache/maven/surefire/surefire-junit4/2.12.4/surefire-junit4-2.12.4.jar
[INFO] Downloaded: file:///Users/stephanenicolas/.m2/repository/org/apache/maven/surefire/surefire-junit4/2.12.4/surefire-junit4-2.12.4.jar (37 KB at 18028.3 KB/sec)

-------------------------------------------------------
 T E S T S
-------------------------------------------------------
Running com.github.drochetti.javassist.maven.it.project1.Integration1Test
Tests run: 1, Failures: 0, Errors: 0, Skipped: 0, Time elapsed: 0.07 sec

Results :

Tests run: 1, Failures: 0, Errors: 0, Skipped: 0

[INFO] 
[INFO] --- maven-jar-plugin:2.4:jar (default-jar) @ javassist-maven-plugin-test-project1 ---
[INFO] Downloading: file:///Users/stephanenicolas/.m2/repository/org/apache/maven/maven-archiver/2.5/maven-archiver-2.5.pom
[INFO] Downloaded: file:///Users/stephanenicolas/.m2/repository/org/apache/maven/maven-archiver/2.5/maven-archiver-2.5.pom (5 KB at 2215.8 KB/sec)
[INFO] Downloading: file:///Users/stephanenicolas/.m2/repository/org/codehaus/plexus/plexus-archiver/2.1/plexus-archiver-2.1.pom
[INFO] Downloaded: file:///Users/stephanenicolas/.m2/repository/org/codehaus/plexus/plexus-archiver/2.1/plexus-archiver-2.1.pom (3 KB at 1371.6 KB/sec)
[INFO] Downloading: file:///Users/stephanenicolas/.m2/repository/org/codehaus/plexus/plexus-io/2.0.2/plexus-io-2.0.2.pom
[INFO] Downloaded: file:///Users/stephanenicolas/.m2/repository/org/codehaus/plexus/plexus-io/2.0.2/plexus-io-2.0.2.pom (2 KB at 1692.4 KB/sec)
[INFO] Downloading: file:///Users/stephanenicolas/.m2/repository/org/codehaus/plexus/plexus-components/1.1.19/plexus-components-1.1.19.pom
[INFO] Downloaded: file:///Users/stephanenicolas/.m2/repository/org/codehaus/plexus/plexus-components/1.1.19/plexus-components-1.1.19.pom (3 KB at 2634.8 KB/sec)
[INFO] Downloading: file:///Users/stephanenicolas/.m2/repository/org/codehaus/plexus/plexus/3.0.1/plexus-3.0.1.pom
[INFO] Downloaded: file:///Users/stephanenicolas/.m2/repository/org/codehaus/plexus/plexus/3.0.1/plexus-3.0.1.pom (19 KB at 9088.9 KB/sec)
[INFO] Downloading: file:///Users/stephanenicolas/.m2/repository/org/codehaus/plexus/plexus-interpolation/1.15/plexus-interpolation-1.15.pom
[INFO] Downloaded: file:///Users/stephanenicolas/.m2/repository/org/codehaus/plexus/plexus-interpolation/1.15/plexus-interpolation-1.15.pom (1018 B at 497.1 KB/sec)
[INFO] Downloading: file:///Users/stephanenicolas/.m2/repository/commons-lang/commons-lang/2.1/commons-lang-2.1.pom
[INFO] Downloaded: file:///Users/stephanenicolas/.m2/repository/commons-lang/commons-lang/2.1/commons-lang-2.1.pom (10 KB at 4847.7 KB/sec)
[INFO] Downloading: file:///Users/stephanenicolas/.m2/repository/org/apache/maven/maven-archiver/2.5/maven-archiver-2.5.jar
[INFO] Downloading: file:///Users/stephanenicolas/.m2/repository/org/codehaus/plexus/plexus-interpolation/1.15/plexus-interpolation-1.15.jar
[INFO] Downloading: file:///Users/stephanenicolas/.m2/repository/org/codehaus/plexus/plexus-archiver/2.1/plexus-archiver-2.1.jar
[INFO] Downloading: file:///Users/stephanenicolas/.m2/repository/org/codehaus/plexus/plexus-io/2.0.2/plexus-io-2.0.2.jar
[INFO] Downloading: file:///Users/stephanenicolas/.m2/repository/commons-lang/commons-lang/2.1/commons-lang-2.1.jar
[INFO] Downloaded: file:///Users/stephanenicolas/.m2/repository/org/apache/maven/maven-archiver/2.5/maven-archiver-2.5.jar (22 KB at 626.5 KB/sec)
[INFO] Downloaded: file:///Users/stephanenicolas/.m2/repository/org/codehaus/plexus/plexus-io/2.0.2/plexus-io-2.0.2.jar (57 KB at 8128.5 KB/sec)
[INFO] Downloaded: file:///Users/stephanenicolas/.m2/repository/org/codehaus/plexus/plexus-interpolation/1.15/plexus-interpolation-1.15.jar (60 KB at 1640.5 KB/sec)
[INFO] Downloaded: file:///Users/stephanenicolas/.m2/repository/org/codehaus/plexus/plexus-archiver/2.1/plexus-archiver-2.1.jar (181 KB at 18011.6 KB/sec)
[INFO] Downloaded: file:///Users/stephanenicolas/.m2/repository/commons-lang/commons-lang/2.1/commons-lang-2.1.jar (203 KB at 20285.4 KB/sec)
[INFO] Building jar: /Users/stephanenicolas/git/javassist-maven-plugin/src/it/resources/project1/target/javassist-maven-plugin-test-project1-1.0.2-SNAPSHOT.jar
[INFO] ------------------------------------------------------------------------
[INFO] BUILD SUCCESS
[INFO] ------------------------------------------------------------------------
[INFO] Total time: 3.507s
[INFO] Finished at: Tue May 20 23:21:14 CEST 2014
[INFO] Final Memory: 17M/371M
[INFO] ------------------------------------------------------------------------
